16621 80
1897 edition
3 May. Bistritz.--Left Munich at 8:35 P.M., on 1st May, arriving at
4 May--I found that my landlord had got a letter from the Count,
5 May.  The Castle.--The gray of the morning has passed, and the sun
5 May.--I must have been asleep, for certainly if I had been fully
7 May.--It is again early morning, but I have rested and enjoyed the
8 May.--I began to fear as I wrote in this book that I was getting too
12 May.--Let me begin with facts, bare, meager facts, verified by
15 May.--Once more I have seen the count go out in his lizard fashion.
18 May.--I have been down to look at that room again in daylight, for
19 May.--I am surely in the toils.  Last night the Count asked me in
28 May.--There is a chance of escape, or at any rate of being able to
31 May.--This morning when I woke I thought I would provide myself
17 June.--This morning, as I was sitting on the edge of my bed
24 June.--Last night the Count left me early, and locked himself into
25 June.--No man knows till he has suffered from the night how sweet
29 June.--Today is the date of my last letter, and the Count has taken
30 June.--These may be the last words I ever write in this diary.  I
9 May.
17, Chatham Street
24 May
25 May.--Ebb tide in appetite today.  Cannot eat, cannot rest, so
25 May.
26 May
24 July.  Whitby.--Lucy met me at the station, looking sweeter and
1 August.--I came up here an hour ago with Lucy, and we had a most
5 June.--The case of Renfield grows more interesting the more I get to
18 June.--He has turned his mind now to spiders, and has got several
1 July.--His spiders are now becoming as great a nuisance as his
8 July.--There is a method in his madness, and the rudimentary idea in
19 July--We are progressing.  My friend has now a whole colony of
10 pm.--I have visited him again and found him sitting in a corner
20 July.--Visited Renfield very early, before attendant went his
11 am.--The attendant has just been to see me to say that Renfield has
11 pm.--I gave Renfield a strong opiate tonight, enough to make even
26 July.--I am anxious, and it soothes me to express myself here.  It
27 July.--No news from Jonathan.  I am getting quite uneasy about him,
3 August.--Another week gone by, and no news from Jonathan, not even
6 August.--Another three days, and no news.  This suspense is getting
9 August.--The sequel to the strange arrival of the derelict in the
8 August.--Lucy was very restless all night, and I too, could not
10 August.--The funeral of the poor sea captain today was most
11 August.--Diary again.  No sleep now, so I may as well write.  I am
12 August.--My expectations were wrong, for twice during the night I
13 August.--Another quiet day, and to bed with the key on my wrist as
14 August.--On the East Cliff, reading and writing all day.  Lucy seems
15 August.--Rose later than usual.  Lucy was languid and tired, and
17 August.--No diary for two whole days.  I have not had the heart to
17 August
21 August.
18 August.--I am happy today, and write sitting on the seat in the
19 August.--Joy, joy, joy!  Although not all joy.  At last, news of
12 August,
19 August.--Strange and sudden change in Renfield last night.  About
20 August.--The case of Renfield grows even more interesting.  He has
23 August.--"The expected always happens."  How well Disraeli knew
25 August.--Another bad night.  Mother did not seem to take to my
1 September
2 September
2 September.
3 September
4 September.--Zoophagous patient still keeps up our interest in him.
6 September
7 September.--The first thing Van Helsing said to me when we met at
8 September.--I sat up all night with Lucy.  The opiate worked itself
9 September.--I was pretty tired and worn out when I got to
9 September.--I feel so happy tonight.  I have been so miserably weak,
10 September.--I was conscious of the Professor's hand on my head, and
11 September.--This afternoon I went over to Hillingham.  Found Van
12 September.--How good they all are to me.  I quite love that dear
13 September.--Called at the Berkeley and found Van Helsing, as usual,
17 September.--Four days and nights of peace.  I am getting so strong
17 September.--I was engaged after dinner in my study posting up my
17 September.--Do not fail to be at Hilllingham tonight.
18 September.--Just off train to London.  The arrival of Van
17 September, Night.--I write this and leave it to be seen,
18 September.--I drove at once to Hillingham and arrived early.
19 September.--All last night she slept fitfully, being always afraid
17 September
20 September
18 September
20 September.--Only resolution and habit can let me make an entry
22 September.--In the train to Exeter.  Jonathan sleeping.  It seems
22 September.--It is all over.  Arthur has gone back to Ring, and has
23 September.--Jonathan is better after a bad night.  I am so glad
24 September.--I hadn't the heart to write last night, that terrible
24 September
25 September.--Come today by quarter past ten train if you
25 September.--I cannot help feeling terribly excited as the time
25 September, 6 o'clock
25 September, 6:30 P.M.
10:30 train, which will bring you to Paddington by 2:35.  Do not
26 September.--I thought never to write in this diary again, but the
26 September.--Truly there is no such thing as finality.  Not a week
27 September.--It was two o'clock before we found a suitable
27 September
28 September.--It is wonderful what a good night's sleep will do for
29 September.--Last night, at a little before ten o'clock, Arthur and
29 September, night.--A little before twelve o'clock we three, Arthur,
29 September.--After I had tidied myself, I went down to Dr. Seward's
29 September.--I was so absorbed in that wonderful diary of Jonathan
29 September.--After dinner I came with Dr. Seward to his study.  He
30 September.--Mr. Harker arrived at nine o'clock.  He got his wife's
29 September, in train to London.--When I received Mr. Billington's
30 September.--The station master was good enough to give me a line to
30 September.--I am so glad that I hardly know how to contain myself.
30 September.--I got home at five o'clock, and found that Godalming
30 September.--When we met in Dr. Seward's study two hours after
1 October, 4 A.M.--Just as we were about to leave the house, an urgent
1 October, 5 A.M.--I went with the party to the search with an easy
1 October, later.--I suppose it was natural that we should have all
1 October.--It was towards noon when I was awakened by the Professor
1 October.--It is strange to me to be kept in the dark as I am today,
2 October 10 P.M.--Last night I slept, but did not dream.  I must have
1 October, evening.--I found Thomas Snelling in his house at Bethnal
2 October, evening--A long and trying and exciting day.  By the first
1 October.--I am puzzled afresh about Renfield.  His moods change so
2 October.--I placed a man in the corridor last night, and told him to
3 October.--Let me put down with exactness all that happened, as well
3 October.--As I must do something or go mad, I write this diary.  It
3 October.--The time seemed terribly long whilst we were waiting for
3-4 October, close to midnight.--I thought yesterday would never end.
4 October, morning.--Once again during the night I was wakened by
4 October.--When I read to Mina, Van Helsing's message in the
5 October, 5 P.M.--Our meeting for report.  Present:  Professor Van
5 October.--We all arose early, and I think that sleep did much for
5 October, afternoon.--For some time after our meeting this morning I
6 October, morning.--Another surprise.  Mina woke me early, about the
11 October, Evening.--Jonathan Harker has asked me to note this, as he
15 October, Varna.--We left Charing Cross on the morning of the 12th,
16 October.--Mina's report still the same.  Lapping waves and rushing
17 October.--Everything is pretty well fixed now, I think, to welcome
24 October.--A whole week of waiting.  Daily telegrams to Godalming,
25 October.--How I miss my phonograph!  To write a diary with a pen is
25 October, Noon.--No news yet of the ship's arrival.  Mrs. Harker's
26 October.--Another day and no tidings of the Czarina Catherine.  She
27 October, Noon.--Most strange.  No news yet of the ship we wait for.
28 October.--Telegram.  Rufus Smith, London, to Lord Godalming, care
28 October.--When the telegram came announcing the arrival in Galatz I
29 October.--This is written in the train from Varna to Galatz.  Last
30 October, 7 A.M.--We are near Galatz now, and I may not have time to
30 October.--Mr. Morris took me to the hotel where our rooms had been
30 October.--At nine o'clock Dr. Van Helsing, Dr. Seward, and I called
16 was the address.  We found out that this was all the Captain knew,
30 October, evening.--They were so tired and worn out and dispirited
1.  By Road.--There are endless difficulties, especially in
2.  By Rail.--There is no one in charge of the box.  It
3.  By Water.--Here is the safest way, in one respect, but
30 October, night.--I am writing this in the light from the furnace
31 October.--Still hurrying along.  The day has come, and Godalming is
1 November, evening.--No news all day.  We have found nothing of the
2 November, morning.--It is broad daylight.  That good fellow would
2 November.--Three days on the road.  No news, and no time to write it
3 November.--We heard at Fundu that the launch had gone up the
4 November.--Today we heard of the launch having been detained by an
31 October.--Arrived at Veresti at noon.  The Professor tells me that
1 November.--All day long we have travelled, and at a good speed.  The
2 November, morning.--I was successful, and we took turns driving all
2 November, night.--All day long driving.  The country gets wilder as
4 November.--This to my old and true friend John Seward, M.D.,
5 November, morning.--Let me be accurate in everything, for
4 November, evening.--The accident to the launch has been a terrible
5 November.--With the dawn we saw the body of Szgany before us dashing
5 November, afternoon.--I am at least sane.  Thank God for
6 November.--It was late in the afternoon when the Professor and I
1.A.  By reading or using any part of this Project Gutenberg-tm
1.B.  "Project Gutenberg" is a registered trademark.  It may only be
1.C.  The Project Gutenberg Literary Archive Foundation ("the Foundation"
1.D.  The copyright laws of the place where you are located also govern
1.E.  Unless you have removed all references to Project Gutenberg:
1.E.1.  The following sentence, with active links to, or other immediate
1.E.2.  If an individual Project Gutenberg-tm electronic work is derived
1.E.9.
1.E.3.  If an individual Project Gutenberg-tm electronic work is posted
1.E.4.  Do not unlink or detach or remove the full Project Gutenberg-tm
1.E.5.  Do not copy, display, perform, distribute or redistribute this
1.E.6.  You may convert to and distribute this work in any binary,
1.E.7.  Do not charge a fee for access to, viewing, displaying,
1.E.8.  You may charge a reasonable fee for copies of or providing
1.E.9.  If you wish to charge a fee or distribute a Project Gutenberg-tm
1.F.
1.F.1.  Project Gutenberg volunteers and employees expend considerable
1.F.2.  LIMITED WARRANTY, DISCLAIMER OF DAMAGES - Except for the "Right
1.F.3.  LIMITED RIGHT OF REPLACEMENT OR REFUND - If you discover a
1.F.4.  Except for the limited right of replacement or refund set forth
1.F.5.  Some states do not allow disclaimers of certain implied
1.F.6.  INDEMNITY - You agree to indemnify and hold the Foundation, the
501(c)(3) educational corporation organized under the laws of the
809 North 1500 West, Salt Lake City, UT 84116, (801) 596-1887, email
