Movie star #1
Name: Angelina Jolie
Gender: F
Number of movies: 22
Popular rating: 4

Movie star #2
Name: Richard Gere
Gender: M
Number of movies: 14
Popular rating: 3

Movie star #3
Name: Colin Firth
Gender: M
Number of movies: 18
Popular rating: 4

Movie star #4
Name: Clive Owen
Gender: M
Number of movies: 12
Popular rating: 5

Movie star #5
Name: Marilyn Monroe
Gender: F
Number of movies: 25
Popular rating: 5

Movie star #6
Name: Will Smith
Gender: M
Number of movies: 13
Popular rating: 3

Movie star #7
Name: Tony Ja
Gender: M
Number of movies: 7
Popular rating: 4

Movie star #8
Name: Jet Li
Gender: M
Number of movies: 9
Popular rating: 4

Movie star #9
Name: Ananda Everingham
Gender: M
Number of movies: 12
Popular rating: 4

