Movie star #1
Name: Cary Grant
Gender: M
Number of movies: 30
Popular rating: 5

Movie star #2
Name: Robert DeNiro
Gender: M
Number of movies: 17
Popular rating: 5

Movie star #3
Name: Sharon Stone
Gender: F
Number of movies: 16
Popular rating: 3

Movie star #4
Name: Kate Winslet
Gender: F
Number of movies: 10
Popular rating: 4

Movie star #5
Name: Clark Gable
Gender: M
Number of movies: 28
Popular rating: 4

Movie star #6
Name: Katherine Hepburn
Gender: F
Number of movies: 27
Popular rating: 5

Movie star #7
Name: Rene Zellweger
Gender: F
Number of movies: 10
Popular rating: 4

Movie star #8
Name: Scarlet Johanssen
Gender: F
Number of movies: 10
Popular rating: 3

Movie star #9
Name: Woody Allen
Gender: M
Number of movies: 16
Popular rating: 3

Movie star #10
Name: Helen Mirren
Gender: F
Number of movies: 24
Popular rating: 5

